# Logfile created on 2014-05-10 16:58:07 -0700 by logger.rb/44203
I, [2014-05-10T16:58:07.452498 #3563]  INFO -- : 0:  rake (10.3.1) from /Users/alex/.rvm/gems/ruby-2.1.0/specifications/rake-10.3.1.gemspec
I, [2014-05-10T16:58:07.453213 #3563]  INFO -- : 0:  i18n (0.6.9) from /Users/alex/.rvm/gems/ruby-2.1.0/specifications/i18n-0.6.9.gemspec
I, [2014-05-10T16:58:07.453631 #3563]  INFO -- : 0:  json (1.8.1) from /Users/alex/.rvm/rubies/ruby-2.1.0/lib/ruby/gems/2.1.0/specifications/default/json-1.8.1.gemspec
I, [2014-05-10T16:58:07.764205 #3563]  INFO -- : 0:  minitest (5.3.3) from /Users/alex/.rvm/gems/ruby-2.1.0/specifications/minitest-5.3.3.gemspec
I, [2014-05-10T16:58:08.150779 #3563]  INFO -- : 0:  thread_safe (0.3.3) from /Users/alex/.rvm/gems/ruby-2.1.0/specifications/thread_safe-0.3.3.gemspec
I, [2014-05-10T16:58:08.554473 #3563]  INFO -- : 0:  tzinfo (1.1.0) from /Users/alex/.rvm/gems/ruby-2.1.0/specifications/tzinfo-1.1.0.gemspec
I, [2014-05-10T16:58:09.291825 #3563]  INFO -- : 0:  activesupport (4.1.1) from /Users/alex/.rvm/gems/ruby-2.1.0/specifications/activesupport-4.1.1.gemspec
I, [2014-05-10T16:58:09.292276 #3563]  INFO -- : 0:  blankslate (2.1.2.4) from /Users/alex/.rvm/gems/ruby-2.1.0/specifications/blankslate-2.1.2.4.gemspec
I, [2014-05-10T16:58:09.292627 #3563]  INFO -- : 0:  timers (1.1.0) from /Users/alex/.rvm/gems/ruby-2.1.0/specifications/timers-1.1.0.gemspec
I, [2014-05-10T16:58:09.292991 #3563]  INFO -- : 0:  celluloid (0.15.2) from /Users/alex/.rvm/gems/ruby-2.1.0/specifications/celluloid-0.15.2.gemspec
I, [2014-05-10T16:58:09.293338 #3563]  INFO -- : 0:  nio4r (1.0.0) from /Users/alex/.rvm/gems/ruby-2.1.0/specifications/nio4r-1.0.0.gemspec
I, [2014-05-10T16:58:09.293645 #3563]  INFO -- : 0:  celluloid-io (0.15.0) from /Users/alex/.rvm/gems/ruby-2.1.0/specifications/celluloid-io-0.15.0.gemspec
I, [2014-05-10T16:58:09.293976 #3563]  INFO -- : 0:  fast-stemmer (1.0.2) from /Users/alex/.rvm/gems/ruby-2.1.0/specifications/fast-stemmer-1.0.2.gemspec
I, [2014-05-10T16:58:09.294279 #3563]  INFO -- : 0:  classifier (1.3.4) from /Users/alex/.rvm/gems/ruby-2.1.0/specifications/classifier-1.3.4.gemspec
I, [2014-05-10T16:58:09.294590 #3563]  INFO -- : 0:  coderay (1.1.0) from /Users/alex/.rvm/gems/ruby-2.1.0/specifications/coderay-1.1.0.gemspec
I, [2014-05-10T16:58:09.588792 #3563]  INFO -- : 0:  coffee-script-source (1.7.0) from /Users/alex/.rvm/gems/ruby-2.1.0/specifications/coffee-script-source-1.7.0.gemspec
I, [2014-05-10T16:58:09.589498 #3563]  INFO -- : 0:  execjs (2.0.2) from /Users/alex/.rvm/gems/ruby-2.1.0/specifications/execjs-2.0.2.gemspec
I, [2014-05-10T16:58:09.590111 #3563]  INFO -- : 0:  coffee-script (2.2.0) from /Users/alex/.rvm/gems/ruby-2.1.0/specifications/coffee-script-2.2.0.gemspec
I, [2014-05-10T16:58:09.590749 #3563]  INFO -- : 0:  colorator (0.1) from /Users/alex/.rvm/gems/ruby-2.1.0/specifications/colorator-0.1.gemspec
I, [2014-05-10T16:58:09.591283 #3563]  INFO -- : 0:  ffi (1.9.3) from /Users/alex/.rvm/gems/ruby-2.1.0/specifications/ffi-1.9.3.gemspec
I, [2014-05-10T16:58:09.591844 #3563]  INFO -- : 0:  jekyll-coffeescript (1.0.0) from /Users/alex/.rvm/gems/ruby-2.1.0/specifications/jekyll-coffeescript-1.0.0.gemspec
I, [2014-05-10T16:58:09.592386 #3563]  INFO -- : 0:  sass (3.3.7) from /Users/alex/.rvm/gems/ruby-2.1.0/specifications/sass-3.3.7.gemspec
I, [2014-05-10T16:58:09.592995 #3563]  INFO -- : 0:  jekyll-sass-converter (1.0.0) from /Users/alex/.rvm/gems/ruby-2.1.0/specifications/jekyll-sass-converter-1.0.0.gemspec
I, [2014-05-10T16:58:09.593589 #3563]  INFO -- : 0:  kramdown (1.3.3) from /Users/alex/.rvm/gems/ruby-2.1.0/specifications/kramdown-1.3.3.gemspec
I, [2014-05-10T16:58:09.594243 #3563]  INFO -- : 0:  liquid (2.5.5) from /Users/alex/.rvm/gems/ruby-2.1.0/specifications/liquid-2.5.5.gemspec
I, [2014-05-10T16:58:09.594822 #3563]  INFO -- : 0:  rb-fsevent (0.9.4) from /Users/alex/.rvm/gems/ruby-2.1.0/specifications/rb-fsevent-0.9.4.gemspec
I, [2014-05-10T16:58:09.866098 #3563]  INFO -- : 0:  rb-inotify (0.9.4) from /Users/alex/.rvm/gems/ruby-2.1.0/specifications/rb-inotify-0.9.4.gemspec
I, [2014-05-10T16:58:09.867178 #3563]  INFO -- : 0:  listen (2.7.4) from /Users/alex/.rvm/gems/ruby-2.1.0/specifications/listen-2.7.4.gemspec
I, [2014-05-10T16:58:09.867855 #3563]  INFO -- : 0:  mercenary (0.3.3) from /Users/alex/.rvm/gems/ruby-2.1.0/specifications/mercenary-0.3.3.gemspec
I, [2014-05-10T16:58:09.868527 #3563]  INFO -- : 0:  posix-spawn (0.3.8) from /Users/alex/.rvm/gems/ruby-2.1.0/specifications/posix-spawn-0.3.8.gemspec
I, [2014-05-10T16:58:09.869169 #3563]  INFO -- : 0:  yajl-ruby (1.1.0) from /Users/alex/.rvm/gems/ruby-2.1.0/specifications/yajl-ruby-1.1.0.gemspec
I, [2014-05-10T16:58:09.869837 #3563]  INFO -- : 0:  pygments.rb (0.5.4) from /Users/alex/.rvm/gems/ruby-2.1.0/specifications/pygments.rb-0.5.4.gemspec
I, [2014-05-10T16:58:09.870508 #3563]  INFO -- : 0:  redcarpet (3.1.1) from /Users/alex/.rvm/gems/ruby-2.1.0/specifications/redcarpet-3.1.1.gemspec
I, [2014-05-10T16:58:09.871800 #3563]  INFO -- : 0:  safe_yaml (1.0.3) from /Users/alex/.rvm/gems/ruby-2.1.0/specifications/safe_yaml-1.0.3.gemspec
I, [2014-05-10T16:58:09.872388 #3563]  INFO -- : 0:  parslet (1.5.0) from /Users/alex/.rvm/gems/ruby-2.1.0/specifications/parslet-1.5.0.gemspec
I, [2014-05-10T16:58:10.146902 #3563]  INFO -- : 0:  toml (0.1.1) from /Users/alex/.rvm/gems/ruby-2.1.0/specifications/toml-0.1.1.gemspec
I, [2014-05-10T16:58:10.147649 #3563]  INFO -- : 0:  jekyll (2.0.3) from /Users/alex/.rvm/gems/ruby-2.1.0/specifications/jekyll-2.0.3.gemspec
I, [2014-05-10T16:58:10.637785 #3563]  INFO -- : 0:  stringex (2.5.2) from /Users/alex/.rvm/gems/ruby-2.1.0/specifications/stringex-2.5.2.gemspec
I, [2014-05-10T16:58:11.034578 #3563]  INFO -- : 0:  thor (0.19.1) from /Users/alex/.rvm/gems/ruby-2.1.0/specifications/thor-0.19.1.gemspec
I, [2014-05-10T16:58:11.035390 #3563]  INFO -- : 0:  bundler (1.5.1) from /Users/alex/.rvm/gems/ruby-2.1.0/specifications/bundler-1.5.1.gemspec
